2024-05-20 19:23:54,113 [Worker-1: Loading available Gradle versions] INFO  o.e.b.c.i.u.g.PublishedGradleVersions - Gradle version information cache is up-to-date. Trying to read.
2024-05-20 20:22:55,151 [Worker-2: Loading available Gradle versions] INFO  o.e.b.c.i.u.g.PublishedGradleVersions - Gradle version information cache is out-of-date. Trying to update.
2024-05-20 22:02:46,898 [Worker-2: Loading available Gradle versions] INFO  o.e.b.c.i.u.g.PublishedGradleVersions - Gradle version information cache is up-to-date. Trying to read.
2024-05-20 22:48:52,641 [Worker-35: Launching mavenrun-7559019d-3930-405c-8d2f-35d8f3f2859a] INFO  o.eclipse.m2e.core.internal.Bundles - getClasspathEntries(Bundle=org.eclipse.m2e.maven.runtime_3.9.600.20231203-1234 [1258])
2024-05-20 22:48:52,748 [Worker-35: Launching mavenrun-7559019d-3930-405c-8d2f-35d8f3f2859a] INFO  o.eclipse.m2e.core.internal.Bundles - 	Entry: C:\Users\Ana-Maria B\.p2\pool\plugins\org.eclipse.m2e.maven.runtime_3.9.600.20231203-1234
2024-05-20 22:48:52,749 [Worker-35: Launching mavenrun-7559019d-3930-405c-8d2f-35d8f3f2859a] INFO  o.eclipse.m2e.core.internal.Bundles - 	Entry: C:\Users\Ana-Maria B\.p2\pool\plugins\org.eclipse.m2e.maven.runtime_3.9.600.20231203-1234\jars\aopalliance-1.0.jar
2024-05-20 22:48:52,749 [Worker-35: Launching mavenrun-7559019d-3930-405c-8d2f-35d8f3f2859a] INFO  o.eclipse.m2e.core.internal.Bundles - 	Entry: C:\Users\Ana-Maria B\.p2\pool\plugins\org.eclipse.m2e.maven.runtime_3.9.600.20231203-1234\jars\guice-5.1.0.jar
2024-05-20 22:48:52,750 [Worker-35: Launching mavenrun-7559019d-3930-405c-8d2f-35d8f3f2859a] INFO  o.eclipse.m2e.core.internal.Bundles - 	Entry: C:\Users\Ana-Maria B\.p2\pool\plugins\org.eclipse.m2e.maven.runtime_3.9.600.20231203-1234\jars\httpclient-4.5.14.jar
2024-05-20 22:48:52,750 [Worker-35: Launching mavenrun-7559019d-3930-405c-8d2f-35d8f3f2859a] INFO  o.eclipse.m2e.core.internal.Bundles - 	Entry: C:\Users\Ana-Maria B\.p2\pool\plugins\org.eclipse.m2e.maven.runtime_3.9.600.20231203-1234\jars\httpcore-4.4.16.jar
2024-05-20 22:48:52,750 [Worker-35: Launching mavenrun-7559019d-3930-405c-8d2f-35d8f3f2859a] INFO  o.eclipse.m2e.core.internal.Bundles - 	Entry: C:\Users\Ana-Maria B\.p2\pool\plugins\org.eclipse.m2e.maven.runtime_3.9.600.20231203-1234\jars\jansi-2.4.0.jar
2024-05-20 22:48:52,751 [Worker-35: Launching mavenrun-7559019d-3930-405c-8d2f-35d8f3f2859a] INFO  o.eclipse.m2e.core.internal.Bundles - 	Entry: C:\Users\Ana-Maria B\.p2\pool\plugins\org.eclipse.m2e.maven.runtime_3.9.600.20231203-1234\jars\jcl-over-slf4j-1.7.36.jar
2024-05-20 22:48:52,751 [Worker-35: Launching mavenrun-7559019d-3930-405c-8d2f-35d8f3f2859a] INFO  o.eclipse.m2e.core.internal.Bundles - 	Entry: C:\Users\Ana-Maria B\.p2\pool\plugins\org.eclipse.m2e.maven.runtime_3.9.600.20231203-1234\jars\maven-artifact-3.9.6.jar
2024-05-20 22:48:52,751 [Worker-35: Launching mavenrun-7559019d-3930-405c-8d2f-35d8f3f2859a] INFO  o.eclipse.m2e.core.internal.Bundles - 	Entry: C:\Users\Ana-Maria B\.p2\pool\plugins\org.eclipse.m2e.maven.runtime_3.9.600.20231203-1234\jars\maven-builder-support-3.9.6.jar
2024-05-20 22:48:52,751 [Worker-35: Launching mavenrun-7559019d-3930-405c-8d2f-35d8f3f2859a] INFO  o.eclipse.m2e.core.internal.Bundles - 	Entry: C:\Users\Ana-Maria B\.p2\pool\plugins\org.eclipse.m2e.maven.runtime_3.9.600.20231203-1234\jars\maven-compat-3.9.6.jar
2024-05-20 22:48:52,752 [Worker-35: Launching mavenrun-7559019d-3930-405c-8d2f-35d8f3f2859a] INFO  o.eclipse.m2e.core.internal.Bundles - 	Entry: C:\Users\Ana-Maria B\.p2\pool\plugins\org.eclipse.m2e.maven.runtime_3.9.600.20231203-1234\jars\maven-core-3.9.6.jar
2024-05-20 22:48:52,752 [Worker-35: Launching mavenrun-7559019d-3930-405c-8d2f-35d8f3f2859a] INFO  o.eclipse.m2e.core.internal.Bundles - 	Entry: C:\Users\Ana-Maria B\.p2\pool\plugins\org.eclipse.m2e.maven.runtime_3.9.600.20231203-1234\jars\maven-embedder-3.9.6.jar
2024-05-20 22:48:52,752 [Worker-35: Launching mavenrun-7559019d-3930-405c-8d2f-35d8f3f2859a] INFO  o.eclipse.m2e.core.internal.Bundles - 	Entry: C:\Users\Ana-Maria B\.p2\pool\plugins\org.eclipse.m2e.maven.runtime_3.9.600.20231203-1234\jars\maven-model-3.9.6.jar
2024-05-20 22:48:52,753 [Worker-35: Launching mavenrun-7559019d-3930-405c-8d2f-35d8f3f2859a] INFO  o.eclipse.m2e.core.internal.Bundles - 	Entry: C:\Users\Ana-Maria B\.p2\pool\plugins\org.eclipse.m2e.maven.runtime_3.9.600.20231203-1234\jars\maven-model-builder-3.9.6.jar
2024-05-20 22:48:52,753 [Worker-35: Launching mavenrun-7559019d-3930-405c-8d2f-35d8f3f2859a] INFO  o.eclipse.m2e.core.internal.Bundles - 	Entry: C:\Users\Ana-Maria B\.p2\pool\plugins\org.eclipse.m2e.maven.runtime_3.9.600.20231203-1234\jars\maven-plugin-api-3.9.6.jar
2024-05-20 22:48:52,753 [Worker-35: Launching mavenrun-7559019d-3930-405c-8d2f-35d8f3f2859a] INFO  o.eclipse.m2e.core.internal.Bundles - 	Entry: C:\Users\Ana-Maria B\.p2\pool\plugins\org.eclipse.m2e.maven.runtime_3.9.600.20231203-1234\jars\maven-repository-metadata-3.9.6.jar
2024-05-20 22:48:52,753 [Worker-35: Launching mavenrun-7559019d-3930-405c-8d2f-35d8f3f2859a] INFO  o.eclipse.m2e.core.internal.Bundles - 	Entry: C:\Users\Ana-Maria B\.p2\pool\plugins\org.eclipse.m2e.maven.runtime_3.9.600.20231203-1234\jars\maven-resolver-api-1.9.18.jar
2024-05-20 22:48:52,754 [Worker-35: Launching mavenrun-7559019d-3930-405c-8d2f-35d8f3f2859a] INFO  o.eclipse.m2e.core.internal.Bundles - 	Entry: C:\Users\Ana-Maria B\.p2\pool\plugins\org.eclipse.m2e.maven.runtime_3.9.600.20231203-1234\jars\maven-resolver-connector-basic-1.9.18.jar
2024-05-20 22:48:52,754 [Worker-35: Launching mavenrun-7559019d-3930-405c-8d2f-35d8f3f2859a] INFO  o.eclipse.m2e.core.internal.Bundles - 	Entry: C:\Users\Ana-Maria B\.p2\pool\plugins\org.eclipse.m2e.maven.runtime_3.9.600.20231203-1234\jars\maven-resolver-impl-1.9.18.jar
2024-05-20 22:48:52,754 [Worker-35: Launching mavenrun-7559019d-3930-405c-8d2f-35d8f3f2859a] INFO  o.eclipse.m2e.core.internal.Bundles - 	Entry: C:\Users\Ana-Maria B\.p2\pool\plugins\org.eclipse.m2e.maven.runtime_3.9.600.20231203-1234\jars\maven-resolver-named-locks-1.9.18.jar
2024-05-20 22:48:52,755 [Worker-35: Launching mavenrun-7559019d-3930-405c-8d2f-35d8f3f2859a] INFO  o.eclipse.m2e.core.internal.Bundles - 	Entry: C:\Users\Ana-Maria B\.p2\pool\plugins\org.eclipse.m2e.maven.runtime_3.9.600.20231203-1234\jars\maven-resolver-provider-3.9.6.jar
2024-05-20 22:48:52,755 [Worker-35: Launching mavenrun-7559019d-3930-405c-8d2f-35d8f3f2859a] INFO  o.eclipse.m2e.core.internal.Bundles - 	Entry: C:\Users\Ana-Maria B\.p2\pool\plugins\org.eclipse.m2e.maven.runtime_3.9.600.20231203-1234\jars\maven-resolver-spi-1.9.18.jar
2024-05-20 22:48:52,755 [Worker-35: Launching mavenrun-7559019d-3930-405c-8d2f-35d8f3f2859a] INFO  o.eclipse.m2e.core.internal.Bundles - 	Entry: C:\Users\Ana-Maria B\.p2\pool\plugins\org.eclipse.m2e.maven.runtime_3.9.600.20231203-1234\jars\maven-resolver-transport-file-1.9.18.jar
2024-05-20 22:48:52,755 [Worker-35: Launching mavenrun-7559019d-3930-405c-8d2f-35d8f3f2859a] INFO  o.eclipse.m2e.core.internal.Bundles - 	Entry: C:\Users\Ana-Maria B\.p2\pool\plugins\org.eclipse.m2e.maven.runtime_3.9.600.20231203-1234\jars\maven-resolver-transport-http-1.9.18.jar
2024-05-20 22:48:52,756 [Worker-35: Launching mavenrun-7559019d-3930-405c-8d2f-35d8f3f2859a] INFO  o.eclipse.m2e.core.internal.Bundles - 	Entry: C:\Users\Ana-Maria B\.p2\pool\plugins\org.eclipse.m2e.maven.runtime_3.9.600.20231203-1234\jars\maven-resolver-transport-wagon-1.9.18.jar
2024-05-20 22:48:52,756 [Worker-35: Launching mavenrun-7559019d-3930-405c-8d2f-35d8f3f2859a] INFO  o.eclipse.m2e.core.internal.Bundles - 	Entry: C:\Users\Ana-Maria B\.p2\pool\plugins\org.eclipse.m2e.maven.runtime_3.9.600.20231203-1234\jars\maven-resolver-util-1.9.18.jar
2024-05-20 22:48:52,756 [Worker-35: Launching mavenrun-7559019d-3930-405c-8d2f-35d8f3f2859a] INFO  o.eclipse.m2e.core.internal.Bundles - 	Entry: C:\Users\Ana-Maria B\.p2\pool\plugins\org.eclipse.m2e.maven.runtime_3.9.600.20231203-1234\jars\maven-settings-3.9.6.jar
2024-05-20 22:48:52,757 [Worker-35: Launching mavenrun-7559019d-3930-405c-8d2f-35d8f3f2859a] INFO  o.eclipse.m2e.core.internal.Bundles - 	Entry: C:\Users\Ana-Maria B\.p2\pool\plugins\org.eclipse.m2e.maven.runtime_3.9.600.20231203-1234\jars\maven-settings-builder-3.9.6.jar
2024-05-20 22:48:52,757 [Worker-35: Launching mavenrun-7559019d-3930-405c-8d2f-35d8f3f2859a] INFO  o.eclipse.m2e.core.internal.Bundles - 	Entry: C:\Users\Ana-Maria B\.p2\pool\plugins\org.eclipse.m2e.maven.runtime_3.9.600.20231203-1234\jars\maven-shared-utils-3.3.4.jar
2024-05-20 22:48:52,757 [Worker-35: Launching mavenrun-7559019d-3930-405c-8d2f-35d8f3f2859a] INFO  o.eclipse.m2e.core.internal.Bundles - 	Entry: C:\Users\Ana-Maria B\.p2\pool\plugins\org.eclipse.m2e.maven.runtime_3.9.600.20231203-1234\jars\org.eclipse.sisu.inject-0.9.0.M2.jar
2024-05-20 22:48:52,758 [Worker-35: Launching mavenrun-7559019d-3930-405c-8d2f-35d8f3f2859a] INFO  o.eclipse.m2e.core.internal.Bundles - 	Entry: C:\Users\Ana-Maria B\.p2\pool\plugins\org.eclipse.m2e.maven.runtime_3.9.600.20231203-1234\jars\org.eclipse.sisu.plexus-0.9.0.M2.jar
2024-05-20 22:48:52,758 [Worker-35: Launching mavenrun-7559019d-3930-405c-8d2f-35d8f3f2859a] INFO  o.eclipse.m2e.core.internal.Bundles - 	Entry: C:\Users\Ana-Maria B\.p2\pool\plugins\org.eclipse.m2e.maven.runtime_3.9.600.20231203-1234\jars\plexus-build-api-0.0.7.jar
2024-05-20 22:48:52,758 [Worker-35: Launching mavenrun-7559019d-3930-405c-8d2f-35d8f3f2859a] INFO  o.eclipse.m2e.core.internal.Bundles - 	Entry: C:\Users\Ana-Maria B\.p2\pool\plugins\org.eclipse.m2e.maven.runtime_3.9.600.20231203-1234\jars\plexus-cipher-2.0.jar
2024-05-20 22:48:52,759 [Worker-35: Launching mavenrun-7559019d-3930-405c-8d2f-35d8f3f2859a] INFO  o.eclipse.m2e.core.internal.Bundles - 	Entry: C:\Users\Ana-Maria B\.p2\pool\plugins\org.eclipse.m2e.maven.runtime_3.9.600.20231203-1234\jars\plexus-classworlds-2.7.0.jar
2024-05-20 22:48:52,759 [Worker-35: Launching mavenrun-7559019d-3930-405c-8d2f-35d8f3f2859a] INFO  o.eclipse.m2e.core.internal.Bundles - 	Entry: C:\Users\Ana-Maria B\.p2\pool\plugins\org.eclipse.m2e.maven.runtime_3.9.600.20231203-1234\jars\plexus-component-annotations-2.1.0.jar
2024-05-20 22:48:52,759 [Worker-35: Launching mavenrun-7559019d-3930-405c-8d2f-35d8f3f2859a] INFO  o.eclipse.m2e.core.internal.Bundles - 	Entry: C:\Users\Ana-Maria B\.p2\pool\plugins\org.eclipse.m2e.maven.runtime_3.9.600.20231203-1234\jars\plexus-interpolation-1.26.jar
2024-05-20 22:48:52,760 [Worker-35: Launching mavenrun-7559019d-3930-405c-8d2f-35d8f3f2859a] INFO  o.eclipse.m2e.core.internal.Bundles - 	Entry: C:\Users\Ana-Maria B\.p2\pool\plugins\org.eclipse.m2e.maven.runtime_3.9.600.20231203-1234\jars\plexus-sec-dispatcher-2.0.jar
2024-05-20 22:48:52,760 [Worker-35: Launching mavenrun-7559019d-3930-405c-8d2f-35d8f3f2859a] INFO  o.eclipse.m2e.core.internal.Bundles - 	Entry: C:\Users\Ana-Maria B\.p2\pool\plugins\org.eclipse.m2e.maven.runtime_3.9.600.20231203-1234\jars\plexus-utils-3.5.1.jar
2024-05-20 22:48:52,760 [Worker-35: Launching mavenrun-7559019d-3930-405c-8d2f-35d8f3f2859a] INFO  o.eclipse.m2e.core.internal.Bundles - 	Entry: C:\Users\Ana-Maria B\.p2\pool\plugins\org.eclipse.m2e.maven.runtime_3.9.600.20231203-1234\jars\wagon-file-3.5.3.jar
2024-05-20 22:48:52,760 [Worker-35: Launching mavenrun-7559019d-3930-405c-8d2f-35d8f3f2859a] INFO  o.eclipse.m2e.core.internal.Bundles - 	Entry: C:\Users\Ana-Maria B\.p2\pool\plugins\org.eclipse.m2e.maven.runtime_3.9.600.20231203-1234\jars\wagon-http-3.5.3.jar
2024-05-20 22:48:52,761 [Worker-35: Launching mavenrun-7559019d-3930-405c-8d2f-35d8f3f2859a] INFO  o.eclipse.m2e.core.internal.Bundles - 	Entry: C:\Users\Ana-Maria B\.p2\pool\plugins\org.eclipse.m2e.maven.runtime_3.9.600.20231203-1234\jars\wagon-http-shared-3.5.3.jar
2024-05-20 22:48:52,761 [Worker-35: Launching mavenrun-7559019d-3930-405c-8d2f-35d8f3f2859a] INFO  o.eclipse.m2e.core.internal.Bundles - 	Entry: C:\Users\Ana-Maria B\.p2\pool\plugins\org.eclipse.m2e.maven.runtime_3.9.600.20231203-1234\jars\wagon-provider-api-3.5.3.jar
2024-05-20 22:48:52,763 [Worker-35: Launching mavenrun-7559019d-3930-405c-8d2f-35d8f3f2859a] INFO  o.eclipse.m2e.core.internal.Bundles - getClasspathEntries(Bundle=com.google.guava_33.0.0.jre [994])
2024-05-20 22:48:52,764 [Worker-35: Launching mavenrun-7559019d-3930-405c-8d2f-35d8f3f2859a] INFO  o.eclipse.m2e.core.internal.Bundles - 	Entry: C:\Users\Ana-Maria B\.p2\pool\plugins\com.google.guava_33.0.0.jre.jar
2024-05-20 22:48:52,764 [Worker-35: Launching mavenrun-7559019d-3930-405c-8d2f-35d8f3f2859a] INFO  o.eclipse.m2e.core.internal.Bundles - getClasspathEntries(Bundle=slf4j.api_2.0.13 [1430])
2024-05-20 22:48:52,764 [Worker-35: Launching mavenrun-7559019d-3930-405c-8d2f-35d8f3f2859a] INFO  o.eclipse.m2e.core.internal.Bundles - 	Entry: C:\Users\Ana-Maria B\.p2\pool\plugins\slf4j.api_2.0.13.jar
2024-05-20 22:48:52,764 [Worker-35: Launching mavenrun-7559019d-3930-405c-8d2f-35d8f3f2859a] INFO  o.eclipse.m2e.core.internal.Bundles - getClasspathEntries(Bundle=jakarta.inject.jakarta.inject-api_1.0.5 [29])
2024-05-20 22:48:52,765 [Worker-35: Launching mavenrun-7559019d-3930-405c-8d2f-35d8f3f2859a] INFO  o.eclipse.m2e.core.internal.Bundles - 	Entry: C:\Users\Ana-Maria B\.p2\pool\plugins\jakarta.inject.jakarta.inject-api_1.0.5.jar
2024-05-20 22:48:52,765 [Worker-35: Launching mavenrun-7559019d-3930-405c-8d2f-35d8f3f2859a] INFO  o.eclipse.m2e.core.internal.Bundles - getClasspathEntries(Bundle=jakarta.annotation-api_1.3.5 [24])
2024-05-20 22:48:52,765 [Worker-35: Launching mavenrun-7559019d-3930-405c-8d2f-35d8f3f2859a] INFO  o.eclipse.m2e.core.internal.Bundles - 	Entry: C:\Users\Ana-Maria B\.p2\pool\plugins\jakarta.annotation-api_1.3.5.jar
2024-05-20 22:48:52,765 [Worker-35: Launching mavenrun-7559019d-3930-405c-8d2f-35d8f3f2859a] INFO  o.eclipse.m2e.core.internal.Bundles - getClasspathEntries(Bundle=org.apache.commons.cli_1.6.0 [71])
2024-05-20 22:48:52,766 [Worker-35: Launching mavenrun-7559019d-3930-405c-8d2f-35d8f3f2859a] INFO  o.eclipse.m2e.core.internal.Bundles - 	Entry: C:\Users\Ana-Maria B\.p2\pool\plugins\org.apache.commons.cli_1.6.0.jar
2024-05-20 22:48:52,767 [Worker-35: Launching mavenrun-7559019d-3930-405c-8d2f-35d8f3f2859a] INFO  o.eclipse.m2e.core.internal.Bundles - getClasspathEntries(Bundle=org.apache.commons.commons-codec_1.16.0 [75])
2024-05-20 22:48:52,768 [Worker-35: Launching mavenrun-7559019d-3930-405c-8d2f-35d8f3f2859a] INFO  o.eclipse.m2e.core.internal.Bundles - 	Entry: C:\Users\Ana-Maria B\.p2\pool\plugins\org.apache.commons.commons-codec_1.16.0.jar
2024-05-20 22:48:52,768 [Worker-35: Launching mavenrun-7559019d-3930-405c-8d2f-35d8f3f2859a] INFO  o.eclipse.m2e.core.internal.Bundles - getClasspathEntries(Bundle=org.apache.commons.lang3_3.14.0 [1019])
2024-05-20 22:48:52,768 [Worker-35: Launching mavenrun-7559019d-3930-405c-8d2f-35d8f3f2859a] INFO  o.eclipse.m2e.core.internal.Bundles - 	Entry: C:\Users\Ana-Maria B\.p2\pool\plugins\org.apache.commons.lang3_3.14.0.jar
2024-05-20 22:48:52,768 [Worker-35: Launching mavenrun-7559019d-3930-405c-8d2f-35d8f3f2859a] INFO  o.eclipse.m2e.core.internal.Bundles - getClasspathEntries(Bundle=com.google.guava.failureaccess_1.0.2 [13])
2024-05-20 22:48:52,769 [Worker-35: Launching mavenrun-7559019d-3930-405c-8d2f-35d8f3f2859a] INFO  o.eclipse.m2e.core.internal.Bundles - 	Entry: C:\Users\Ana-Maria B\.p2\pool\plugins\com.google.guava.failureaccess_1.0.2.jar
2024-05-20 22:48:52,775 [Worker-35: Launching mavenrun-7559019d-3930-405c-8d2f-35d8f3f2859a] INFO  o.e.m.i.launch.MavenLaunchDelegate - Run build in "C:\Users\ANA-MA~1\AppData\Local\Temp\m2e-archetypeGenerator10979215978587071943":
2024-05-20 22:48:52,784 [Worker-35: Launching mavenrun-7559019d-3930-405c-8d2f-35d8f3f2859a] INFO  o.e.m.i.launch.MavenLaunchDelegate -  mvn  -DarchetypeGroupId=org.apache.maven.archetypes -DarchetypeArtifactId=maven-archetype-quickstart -DarchetypeVersion=1.4 -DgroupId=com.joroba.ejemplo -DartifactId=C4_Desarollo_Backend -Dversion=0.0.1-SNAPSHOT -Dpackage=com.joroba.ejemplo.C4_Desarollo_Backend -DoutputDirectory="C:\Users\Ana-Maria B\Desktop\Tech-Talent-2024" -Dstyle.color=always -U archetype:generate
2024-05-20 22:49:06,668 [Worker-34: Creating maven-archetype-quickstart] INFO  o.e.m.c.i.p.ProjectConfigurationManager - Collecting project info '/pom.xml' C:\Users\Ana-Maria B\Desktop\Tech-Talent-2024\C4_Desarollo_Backend\pom.xml
2024-05-20 22:49:08,387 [Worker-34: Creating maven-archetype-quickstart] INFO  o.e.m.c.i.l.LifecycleMappingFactory - Using org.eclipse.m2e.jdt.JarLifecycleMapping lifecycle mapping for MavenProject: com.joroba.ejemplo:C4_Desarollo_Backend:0.0.1-SNAPSHOT @ C:\Users\Ana-Maria B\Desktop\Tech-Talent-2024\C4_Desarollo_Backend\pom.xml.
2024-05-20 22:49:09,436 [Worker-34: Creating maven-archetype-quickstart] INFO  o.e.m.j.i.AbstractJavaProjectConfigurator - Adding source folder /C4_Desarollo_Backend/src/main/java
2024-05-20 22:49:09,441 [Worker-34: Creating maven-archetype-quickstart] INFO  o.e.m.j.i.AbstractJavaProjectConfigurator - Adding resource folder /C4_Desarollo_Backend/src/main/resources
2024-05-20 22:49:09,447 [Worker-34: Creating maven-archetype-quickstart] INFO  o.e.m.j.i.AbstractJavaProjectConfigurator - Adding source folder /C4_Desarollo_Backend/src/test/java
2024-05-20 22:49:09,450 [Worker-34: Creating maven-archetype-quickstart] INFO  o.e.m.j.i.AbstractJavaProjectConfigurator - Adding resource folder /C4_Desarollo_Backend/src/test/resources
2024-05-20 22:49:09,580 [Worker-34: Creating maven-archetype-quickstart] INFO  o.e.m.c.i.p.ProjectConfigurationManager - Imported and configured 1 project(s) in 2 sec
2024-05-20 22:49:09,994 [Worker-34: Building] INFO  o.e.m.c.i.embedder.EclipseLogger - Using 'UTF-8' encoding to copy filtered resources.
2024-05-20 22:49:09,995 [Worker-34: Building] INFO  o.e.m.c.i.embedder.EclipseLogger - skip non existing resourceDirectory C:\Users\Ana-Maria B\Desktop\Tech-Talent-2024\C4_Desarollo_Backend\src\main\resources
2024-05-20 22:49:10,002 [Worker-34: Building] INFO  o.e.m.c.i.embedder.EclipseLogger - Using 'UTF-8' encoding to copy filtered resources.
2024-05-20 22:49:10,002 [Worker-34: Building] INFO  o.e.m.c.i.embedder.EclipseLogger - skip non existing resourceDirectory C:\Users\Ana-Maria B\Desktop\Tech-Talent-2024\C4_Desarollo_Backend\src\test\resources
2024-05-20 23:02:17,852 [Worker-42: Building] INFO  o.e.m.c.i.l.LifecycleMappingFactory - Using org.eclipse.m2e.jdt.JarLifecycleMapping lifecycle mapping for MavenProject: com.joroba.ejemplo:C4_Desarollo_Backend:0.0.1-SNAPSHOT @ C:\Users\Ana-Maria B\Desktop\Tech-Talent-2024\C4_Desarollo_Backend\pom.xml.
2024-05-20 23:02:18,228 [Worker-42: Building] INFO  o.e.m.c.i.embedder.EclipseLogger - Using 'UTF-8' encoding to copy filtered resources.
2024-05-20 23:02:18,228 [Worker-42: Building] INFO  o.e.m.c.i.embedder.EclipseLogger - skip non existing resourceDirectory C:\Users\Ana-Maria B\Desktop\Tech-Talent-2024\C4_Desarollo_Backend\src\main\resources
2024-05-20 23:02:18,234 [Worker-42: Building] INFO  o.e.m.c.i.embedder.EclipseLogger - Using 'UTF-8' encoding to copy filtered resources.
2024-05-20 23:02:18,234 [Worker-42: Building] INFO  o.e.m.c.i.embedder.EclipseLogger - skip non existing resourceDirectory C:\Users\Ana-Maria B\Desktop\Tech-Talent-2024\C4_Desarollo_Backend\src\test\resources
2024-05-20 23:09:34,015 [Worker-45: Building] INFO  o.e.m.c.i.l.LifecycleMappingFactory - Using org.eclipse.m2e.jdt.JarLifecycleMapping lifecycle mapping for MavenProject: com.joroba.ejemplo:C4_Desarollo_Backend:0.0.1-SNAPSHOT @ C:\Users\Ana-Maria B\Desktop\Tech-Talent-2024\C4_Desarollo_Backend\pom.xml.
2024-05-20 23:09:34,211 [Worker-45: Building] INFO  o.e.m.c.i.e.AbstractTransferListenerAdapter - Downloading https://repo.maven.apache.org/maven2/com/mysql/mysql-connector-j/8.4.0/mysql-connector-j-8.4.0.pom
2024-05-20 23:09:34,229 [Worker-45: Building] INFO  o.e.m.c.i.e.AbstractTransferListenerAdapter - Downloaded https://repo.maven.apache.org/maven2/com/mysql/mysql-connector-j/8.4.0/mysql-connector-j-8.4.0.pom
2024-05-20 23:09:34,263 [Worker-45: Building] INFO  o.e.m.c.i.e.AbstractTransferListenerAdapter - Downloading https://repo.maven.apache.org/maven2/com/google/protobuf/protobuf-java/3.25.1/protobuf-java-3.25.1.pom
2024-05-20 23:09:34,269 [Worker-45: Building] INFO  o.e.m.c.i.e.AbstractTransferListenerAdapter - Downloaded https://repo.maven.apache.org/maven2/com/google/protobuf/protobuf-java/3.25.1/protobuf-java-3.25.1.pom
2024-05-20 23:09:34,311 [Worker-45: Building] INFO  o.e.m.c.i.e.AbstractTransferListenerAdapter - Downloading https://repo.maven.apache.org/maven2/com/google/protobuf/protobuf-parent/3.25.1/protobuf-parent-3.25.1.pom
2024-05-20 23:09:34,318 [Worker-45: Building] INFO  o.e.m.c.i.e.AbstractTransferListenerAdapter - Downloaded https://repo.maven.apache.org/maven2/com/google/protobuf/protobuf-parent/3.25.1/protobuf-parent-3.25.1.pom
2024-05-20 23:09:34,344 [Worker-45: Building] INFO  o.e.m.c.i.e.AbstractTransferListenerAdapter - Downloading https://repo.maven.apache.org/maven2/com/google/protobuf/protobuf-bom/3.25.1/protobuf-bom-3.25.1.pom
2024-05-20 23:09:34,351 [Worker-45: Building] INFO  o.e.m.c.i.e.AbstractTransferListenerAdapter - Downloaded https://repo.maven.apache.org/maven2/com/google/protobuf/protobuf-bom/3.25.1/protobuf-bom-3.25.1.pom
2024-05-20 23:09:34,387 [Worker-45: Building] INFO  o.e.m.c.i.e.AbstractTransferListenerAdapter - Downloading https://repo.maven.apache.org/maven2/com/mysql/mysql-connector-j/8.4.0/mysql-connector-j-8.4.0.jar
2024-05-20 23:09:34,643 [Worker-45: Building] INFO  o.e.m.c.i.e.AbstractTransferListenerAdapter - Downloaded https://repo.maven.apache.org/maven2/com/mysql/mysql-connector-j/8.4.0/mysql-connector-j-8.4.0.jar
2024-05-20 23:09:34,664 [BasicRepositoryConnector-repo.maven.apache.org-0-0] INFO  o.e.m.c.i.e.AbstractTransferListenerAdapter - Downloading https://repo.maven.apache.org/maven2/com/google/protobuf/protobuf-java/3.25.1/protobuf-java-3.25.1.jar
2024-05-20 23:09:34,848 [BasicRepositoryConnector-repo.maven.apache.org-0-0] INFO  o.e.m.c.i.e.AbstractTransferListenerAdapter - Downloaded https://repo.maven.apache.org/maven2/com/google/protobuf/protobuf-java/3.25.1/protobuf-java-3.25.1.jar
2024-05-20 23:09:35,569 [Worker-45: Building] INFO  o.e.m.c.i.embedder.EclipseLogger - Using 'UTF-8' encoding to copy filtered resources.
2024-05-20 23:09:35,570 [Worker-45: Building] INFO  o.e.m.c.i.embedder.EclipseLogger - skip non existing resourceDirectory C:\Users\Ana-Maria B\Desktop\Tech-Talent-2024\C4_Desarollo_Backend\src\main\resources
2024-05-20 23:09:35,574 [Worker-45: Building] INFO  o.e.m.c.i.embedder.EclipseLogger - Using 'UTF-8' encoding to copy filtered resources.
2024-05-20 23:09:35,574 [Worker-45: Building] INFO  o.e.m.c.i.embedder.EclipseLogger - skip non existing resourceDirectory C:\Users\Ana-Maria B\Desktop\Tech-Talent-2024\C4_Desarollo_Backend\src\test\resources
2024-05-20 23:09:36,124 [Worker-46: Download sources and javadoc] INFO  o.e.m.c.i.e.AbstractTransferListenerAdapter - Downloading https://repo.maven.apache.org/maven2/com/mysql/mysql-connector-j/8.4.0/mysql-connector-j-8.4.0-sources.jar
2024-05-20 23:09:37,369 [Worker-45: Building] INFO  o.e.m.c.i.embedder.EclipseLogger - Using 'UTF-8' encoding to copy filtered resources.
2024-05-20 23:09:37,370 [Worker-45: Building] INFO  o.e.m.c.i.embedder.EclipseLogger - skip non existing resourceDirectory C:\Users\Ana-Maria B\Desktop\Tech-Talent-2024\C4_Desarollo_Backend\src\main\resources
2024-05-20 23:09:37,374 [Worker-45: Building] INFO  o.e.m.c.i.embedder.EclipseLogger - Using 'UTF-8' encoding to copy filtered resources.
2024-05-20 23:09:37,375 [Worker-45: Building] INFO  o.e.m.c.i.embedder.EclipseLogger - skip non existing resourceDirectory C:\Users\Ana-Maria B\Desktop\Tech-Talent-2024\C4_Desarollo_Backend\src\test\resources
2024-05-20 23:09:40,990 [Worker-46: Download sources and javadoc] INFO  o.e.m.c.i.e.AbstractTransferListenerAdapter - Downloaded https://repo.maven.apache.org/maven2/com/mysql/mysql-connector-j/8.4.0/mysql-connector-j-8.4.0-sources.jar
2024-05-20 23:09:40,995 [Worker-46: Download sources and javadoc] INFO  o.e.m.j.internal.DownloadSourcesJob - Downloaded sources for com.mysql:mysql-connector-j:8.4.0
2024-05-20 23:09:42,759 [Worker-46: Download sources and javadoc] INFO  o.e.m.c.i.e.AbstractTransferListenerAdapter - Downloading https://repo.maven.apache.org/maven2/com/google/protobuf/protobuf-java/3.25.1/protobuf-java-3.25.1-sources.jar
2024-05-20 23:09:46,294 [Worker-46: Download sources and javadoc] INFO  o.e.m.c.i.e.AbstractTransferListenerAdapter - Downloaded https://repo.maven.apache.org/maven2/com/google/protobuf/protobuf-java/3.25.1/protobuf-java-3.25.1-sources.jar
2024-05-20 23:09:46,298 [Worker-46: Download sources and javadoc] INFO  o.e.m.j.internal.DownloadSourcesJob - Downloaded sources for com.google.protobuf:protobuf-java:3.25.1
2024-05-20 23:49:29,897 [Worker-3: Loading available Gradle versions] INFO  o.e.b.c.i.u.g.PublishedGradleVersions - Gradle version information cache is up-to-date. Trying to read.
2024-05-21 10:06:24,745 [Worker-4: Loading available Gradle versions] INFO  o.e.b.c.i.u.g.PublishedGradleVersions - Gradle version information cache is up-to-date. Trying to read.
2024-05-21 10:11:09,152 [Worker-14: Updating Maven Project] INFO  o.e.m.c.i.p.ProjectConfigurationManager - Update started
2024-05-21 10:11:10,052 [Worker-14: Updating Maven Project] INFO  o.e.m.c.i.l.LifecycleMappingFactory - Using org.eclipse.m2e.jdt.JarLifecycleMapping lifecycle mapping for MavenProject: com.joroba.ejemplo:C4_Desarollo_Backend:0.0.1-SNAPSHOT @ C:\Users\Ana-Maria B\Desktop\Tech-Talent-2024\C4_Desarollo_Backend\pom.xml.
2024-05-21 10:11:10,461 [Worker-14: Updating Maven Project] INFO  o.e.m.j.i.AbstractJavaProjectConfigurator - Adding source folder /C4_Desarollo_Backend/src/main/java
2024-05-21 10:11:10,467 [Worker-14: Updating Maven Project] INFO  o.e.m.j.i.AbstractJavaProjectConfigurator - Adding resource folder /C4_Desarollo_Backend/src/main/resources
2024-05-21 10:11:10,469 [Worker-14: Updating Maven Project] INFO  o.e.m.j.i.AbstractJavaProjectConfigurator - Adding source folder /C4_Desarollo_Backend/src/test/java
2024-05-21 10:11:10,471 [Worker-14: Updating Maven Project] INFO  o.e.m.j.i.AbstractJavaProjectConfigurator - Adding resource folder /C4_Desarollo_Backend/src/test/resources
2024-05-21 10:11:10,690 [Worker-14: Updating Maven Project] INFO  o.e.m.c.i.p.ProjectConfigurationManager - Update completed for 1 poms: local refresh takes 0,00 sec, refresh facades takes 1,00 sec, update config takes 0,00 sec 
2024-05-21 10:11:10,966 [Worker-23: Building] INFO  o.e.m.c.i.embedder.EclipseLogger - Using 'UTF-8' encoding to copy filtered resources.
2024-05-21 10:11:10,966 [Worker-23: Building] INFO  o.e.m.c.i.embedder.EclipseLogger - skip non existing resourceDirectory C:\Users\Ana-Maria B\Desktop\Tech-Talent-2024\C4_Desarollo_Backend\src\main\resources
2024-05-21 10:11:10,973 [Worker-23: Building] INFO  o.e.m.c.i.embedder.EclipseLogger - Using 'UTF-8' encoding to copy filtered resources.
2024-05-21 10:11:10,974 [Worker-23: Building] INFO  o.e.m.c.i.embedder.EclipseLogger - skip non existing resourceDirectory C:\Users\Ana-Maria B\Desktop\Tech-Talent-2024\C4_Desarollo_Backend\src\test\resources
2024-05-21 10:11:43,222 [Worker-0: Loading available Gradle versions] INFO  o.e.b.c.i.u.g.PublishedGradleVersions - Gradle version information cache is up-to-date. Trying to read.
2024-05-21 10:26:48,176 [Worker-22: Building] INFO  o.e.m.c.i.embedder.EclipseLogger - Using 'UTF-8' encoding to copy filtered resources.
2024-05-21 10:26:48,177 [Worker-22: Building] INFO  o.e.m.c.i.embedder.EclipseLogger - skip non existing resourceDirectory C:\Users\Ana-Maria B\Desktop\Tech-Talent-2024\C4_Desarollo_Backend\src\main\resources
2024-05-21 10:26:48,185 [Worker-22: Building] INFO  o.e.m.c.i.embedder.EclipseLogger - Using 'UTF-8' encoding to copy filtered resources.
2024-05-21 10:26:48,185 [Worker-22: Building] INFO  o.e.m.c.i.embedder.EclipseLogger - skip non existing resourceDirectory C:\Users\Ana-Maria B\Desktop\Tech-Talent-2024\C4_Desarollo_Backend\src\test\resources
2024-05-21 10:28:31,388 [Worker-26: Building] INFO  o.e.m.c.i.embedder.EclipseLogger - Using 'UTF-8' encoding to copy filtered resources.
2024-05-21 10:28:31,389 [Worker-26: Building] INFO  o.e.m.c.i.embedder.EclipseLogger - skip non existing resourceDirectory C:\Users\Ana-Maria B\Desktop\Tech-Talent-2024\C4_Desarollo_Backend\src\main\resources
2024-05-21 10:28:31,393 [Worker-26: Building] INFO  o.e.m.c.i.embedder.EclipseLogger - Using 'UTF-8' encoding to copy filtered resources.
2024-05-21 10:28:31,394 [Worker-26: Building] INFO  o.e.m.c.i.embedder.EclipseLogger - skip non existing resourceDirectory C:\Users\Ana-Maria B\Desktop\Tech-Talent-2024\C4_Desarollo_Backend\src\test\resources
